{"C:\\Users\\Bruno mendonça\\Desktop\\Projetos\\NodeJs\\TasksAndProjectsManager\\src\\server.js": {"path":"C:\\Users\\Bruno mendonça\\Desktop\\Projetos\\NodeJs\\TasksAndProjectsManager\\src\\server.js","statementMap":{"0":{"start":{"line":6,"column":12},"end":{"line":6,"column":21}},"1":{"start":{"line":8,"column":0},"end":{"line":8,"column":23}},"2":{"start":{"line":10,"column":0},"end":{"line":10,"column":23}},"3":{"start":{"line":11,"column":0},"end":{"line":11,"column":20}}},"fnMap":{},"branchMap":{},"s":{"0":1,"1":1,"2":1,"3":1},"f":{},"b":{},"_coverageSchema":"1a1c01bbd47fc00a2c39e90264f33305004495a9","hash":"b342ade67358a817f20c1682f44191aa27f912a2"}
,"C:\\Users\\Bruno mendonça\\Desktop\\Projetos\\NodeJs\\TasksAndProjectsManager\\src\\controller\\controller_projects.js": {"path":"C:\\Users\\Bruno mendonça\\Desktop\\Projetos\\NodeJs\\TasksAndProjectsManager\\src\\controller\\controller_projects.js","statementMap":{"0":{"start":{"line":4,"column":31},"end":{"line":4,"column":77}},"1":{"start":{"line":5,"column":12},"end":{"line":5,"column":51}},"2":{"start":{"line":9,"column":29},"end":{"line":9,"column":65}},"3":{"start":{"line":10,"column":12},"end":{"line":10,"column":49}},"4":{"start":{"line":14,"column":28},"end":{"line":14,"column":77}},"5":{"start":{"line":15,"column":12},"end":{"line":19,"column":13}},"6":{"start":{"line":16,"column":18},"end":{"line":16,"column":83}},"7":{"start":{"line":18,"column":18},"end":{"line":18,"column":54}},"8":{"start":{"line":23,"column":28},"end":{"line":23,"column":90}},"9":{"start":{"line":25,"column":12},"end":{"line":25,"column":92}},"10":{"start":{"line":25,"column":25},"end":{"line":25,"column":91}},"11":{"start":{"line":27,"column":12},"end":{"line":27,"column":48}},"12":{"start":{"line":31,"column":27},"end":{"line":31,"column":79}},"13":{"start":{"line":32,"column":12},"end":{"line":32,"column":90}},"14":{"start":{"line":32,"column":24},"end":{"line":32,"column":89}},"15":{"start":{"line":34,"column":12},"end":{"line":34,"column":45}}},"fnMap":{"0":{"name":"(anonymous_0)","decl":{"start":{"line":3,"column":6},"end":{"line":3,"column":7}},"loc":{"start":{"line":3,"column":38},"end":{"line":6,"column":7}},"line":3},"1":{"name":"(anonymous_1)","decl":{"start":{"line":8,"column":6},"end":{"line":8,"column":7}},"loc":{"start":{"line":8,"column":36},"end":{"line":11,"column":7}},"line":8},"2":{"name":"(anonymous_2)","decl":{"start":{"line":13,"column":6},"end":{"line":13,"column":7}},"loc":{"start":{"line":13,"column":36},"end":{"line":20,"column":7}},"line":13},"3":{"name":"(anonymous_3)","decl":{"start":{"line":22,"column":6},"end":{"line":22,"column":7}},"loc":{"start":{"line":22,"column":38},"end":{"line":28,"column":7}},"line":22},"4":{"name":"(anonymous_4)","decl":{"start":{"line":30,"column":6},"end":{"line":30,"column":7}},"loc":{"start":{"line":30,"column":39},"end":{"line":35,"column":7}},"line":30}},"branchMap":{"0":{"loc":{"start":{"line":15,"column":12},"end":{"line":19,"column":13}},"type":"if","locations":[{"start":{"line":15,"column":12},"end":{"line":19,"column":13}},{"start":{"line":17,"column":17},"end":{"line":19,"column":13}}],"line":15},"1":{"loc":{"start":{"line":25,"column":12},"end":{"line":25,"column":92}},"type":"if","locations":[{"start":{"line":25,"column":12},"end":{"line":25,"column":92}},{"start":{},"end":{}}],"line":25},"2":{"loc":{"start":{"line":32,"column":12},"end":{"line":32,"column":90}},"type":"if","locations":[{"start":{"line":32,"column":12},"end":{"line":32,"column":90}},{"start":{},"end":{}}],"line":32}},"s":{"0":1,"1":1,"2":1,"3":1,"4":2,"5":2,"6":1,"7":1,"8":4,"9":4,"10":1,"11":3,"12":2,"13":2,"14":1,"15":1},"f":{"0":1,"1":1,"2":2,"3":4,"4":2},"b":{"0":[1,1],"1":[1,3],"2":[1,1]},"_coverageSchema":"1a1c01bbd47fc00a2c39e90264f33305004495a9","hash":"2dfc878fe3f7cfc37b606dda8a08f997131be7c3"}
,"C:\\Users\\Bruno mendonça\\Desktop\\Projetos\\NodeJs\\TasksAndProjectsManager\\src\\controller\\controller_tasks.js": {"path":"C:\\Users\\Bruno mendonça\\Desktop\\Projetos\\NodeJs\\TasksAndProjectsManager\\src\\controller\\controller_tasks.js","statementMap":{},"fnMap":{},"branchMap":{},"s":{},"f":{},"b":{},"_coverageSchema":"1a1c01bbd47fc00a2c39e90264f33305004495a9","hash":"36bdc1481b1e7dc5904c63718fcf82c86fc5ea3b"}
,"C:\\Users\\Bruno mendonça\\Desktop\\Projetos\\NodeJs\\TasksAndProjectsManager\\src\\middlewares\\middlewares_projects.js": {"path":"C:\\Users\\Bruno mendonça\\Desktop\\Projetos\\NodeJs\\TasksAndProjectsManager\\src\\middlewares\\middlewares_projects.js","statementMap":{"0":{"start":{"line":2,"column":34},"end":{"line":2,"column":42}},"1":{"start":{"line":4,"column":6},"end":{"line":6,"column":7}},"2":{"start":{"line":5,"column":12},"end":{"line":5,"column":86}},"3":{"start":{"line":8,"column":6},"end":{"line":10,"column":7}},"4":{"start":{"line":9,"column":12},"end":{"line":9,"column":93}},"5":{"start":{"line":12,"column":6},"end":{"line":12,"column":12}},"6":{"start":{"line":17,"column":17},"end":{"line":17,"column":30}},"7":{"start":{"line":18,"column":6},"end":{"line":20,"column":7}},"8":{"start":{"line":19,"column":12},"end":{"line":19,"column":84}},"9":{"start":{"line":21,"column":6},"end":{"line":21,"column":12}},"10":{"start":{"line":25,"column":25},"end":{"line":25,"column":74}},"11":{"start":{"line":26,"column":6},"end":{"line":26,"column":29}},"12":{"start":{"line":27,"column":6},"end":{"line":27,"column":12}}},"fnMap":{"0":{"name":"validateProjectBody","decl":{"start":{"line":1,"column":16},"end":{"line":1,"column":35}},"loc":{"start":{"line":1,"column":51},"end":{"line":13,"column":1}},"line":1},"1":{"name":"validateProjectID","decl":{"start":{"line":16,"column":16},"end":{"line":16,"column":33}},"loc":{"start":{"line":16,"column":49},"end":{"line":22,"column":1}},"line":16},"2":{"name":"logRouter","decl":{"start":{"line":24,"column":16},"end":{"line":24,"column":25}},"loc":{"start":{"line":24,"column":39},"end":{"line":28,"column":1}},"line":24}},"branchMap":{"0":{"loc":{"start":{"line":4,"column":6},"end":{"line":6,"column":7}},"type":"if","locations":[{"start":{"line":4,"column":6},"end":{"line":6,"column":7}},{"start":{},"end":{}}],"line":4},"1":{"loc":{"start":{"line":4,"column":9},"end":{"line":4,"column":35}},"type":"binary-expr","locations":[{"start":{"line":4,"column":9},"end":{"line":4,"column":14}},{"start":{"line":4,"column":18},"end":{"line":4,"column":35}}],"line":4},"2":{"loc":{"start":{"line":8,"column":6},"end":{"line":10,"column":7}},"type":"if","locations":[{"start":{"line":8,"column":6},"end":{"line":10,"column":7}},{"start":{},"end":{}}],"line":8},"3":{"loc":{"start":{"line":8,"column":9},"end":{"line":8,"column":49}},"type":"binary-expr","locations":[{"start":{"line":8,"column":9},"end":{"line":8,"column":21}},{"start":{"line":8,"column":25},"end":{"line":8,"column":49}}],"line":8},"4":{"loc":{"start":{"line":18,"column":6},"end":{"line":20,"column":7}},"type":"if","locations":[{"start":{"line":18,"column":6},"end":{"line":20,"column":7}},{"start":{},"end":{}}],"line":18},"5":{"loc":{"start":{"line":18,"column":9},"end":{"line":18,"column":72}},"type":"binary-expr","locations":[{"start":{"line":18,"column":9},"end":{"line":18,"column":12}},{"start":{"line":18,"column":16},"end":{"line":18,"column":30}},{"start":{"line":18,"column":34},"end":{"line":18,"column":50}},{"start":{"line":18,"column":54},"end":{"line":18,"column":72}}],"line":18}},"s":{"0":3,"1":3,"2":1,"3":2,"4":1,"5":1,"6":9,"7":9,"8":1,"9":8,"10":13,"11":13,"12":13},"f":{"0":3,"1":9,"2":13},"b":{"0":[1,2],"1":[3,2],"2":[1,1],"3":[2,1],"4":[1,8],"5":[9,9,9,9]},"_coverageSchema":"1a1c01bbd47fc00a2c39e90264f33305004495a9","hash":"2b32797fc798c0f8cedd04bc0b2f6161976392c5"}
,"C:\\Users\\Bruno mendonça\\Desktop\\Projetos\\NodeJs\\TasksAndProjectsManager\\src\\middlewares\\middlewares_tasks.js": {"path":"C:\\Users\\Bruno mendonça\\Desktop\\Projetos\\NodeJs\\TasksAndProjectsManager\\src\\middlewares\\middlewares_tasks.js","statementMap":{"0":{"start":{"line":3,"column":6},"end":{"line":3,"column":12}},"1":{"start":{"line":8,"column":6},"end":{"line":8,"column":12}},"2":{"start":{"line":13,"column":6},"end":{"line":13,"column":12}}},"fnMap":{"0":{"name":"validateTaskBody","decl":{"start":{"line":1,"column":16},"end":{"line":1,"column":32}},"loc":{"start":{"line":1,"column":48},"end":{"line":4,"column":1}},"line":1},"1":{"name":"validateTaskID","decl":{"start":{"line":6,"column":16},"end":{"line":6,"column":30}},"loc":{"start":{"line":6,"column":46},"end":{"line":9,"column":1}},"line":6},"2":{"name":"validateRelationalID","decl":{"start":{"line":11,"column":16},"end":{"line":11,"column":36}},"loc":{"start":{"line":11,"column":52},"end":{"line":14,"column":1}},"line":11}},"branchMap":{},"s":{"0":0,"1":0,"2":0},"f":{"0":0,"1":0,"2":0},"b":{},"_coverageSchema":"1a1c01bbd47fc00a2c39e90264f33305004495a9","hash":"79aa641e601452caf8defd98b13e6fcff0b4d39b"}
,"C:\\Users\\Bruno mendonça\\Desktop\\Projetos\\NodeJs\\TasksAndProjectsManager\\src\\model\\model_projects.js": {"path":"C:\\Users\\Bruno mendonça\\Desktop\\Projetos\\NodeJs\\TasksAndProjectsManager\\src\\model\\model_projects.js","statementMap":{"0":{"start":{"line":4,"column":12},"end":{"line":4,"column":30}},"1":{"start":{"line":8,"column":40},"end":{"line":8,"column":44}},"2":{"start":{"line":9,"column":23},"end":{"line":9,"column":30}},"3":{"start":{"line":10,"column":30},"end":{"line":10,"column":40}},"4":{"start":{"line":11,"column":30},"end":{"line":11,"column":32}},"5":{"start":{"line":13,"column":31},"end":{"line":13,"column":72}},"6":{"start":{"line":14,"column":12},"end":{"line":14,"column":42}},"7":{"start":{"line":16,"column":12},"end":{"line":16,"column":29}},"8":{"start":{"line":20,"column":12},"end":{"line":20,"column":32}},"9":{"start":{"line":24,"column":28},"end":{"line":24,"column":76}},"10":{"start":{"line":24,"column":58},"end":{"line":24,"column":75}},"11":{"start":{"line":25,"column":12},"end":{"line":25,"column":26}},"12":{"start":{"line":29,"column":40},"end":{"line":29,"column":44}},"13":{"start":{"line":30,"column":28},"end":{"line":30,"column":76}},"14":{"start":{"line":30,"column":58},"end":{"line":30,"column":75}},"15":{"start":{"line":32,"column":12},"end":{"line":32,"column":32}},"16":{"start":{"line":32,"column":25},"end":{"line":32,"column":31}},"17":{"start":{"line":34,"column":12},"end":{"line":34,"column":57}},"18":{"start":{"line":34,"column":34},"end":{"line":34,"column":56}},"19":{"start":{"line":35,"column":12},"end":{"line":35,"column":78}},"20":{"start":{"line":35,"column":41},"end":{"line":35,"column":77}},"21":{"start":{"line":37,"column":12},"end":{"line":37,"column":45}},"22":{"start":{"line":39,"column":12},"end":{"line":39,"column":26}},"23":{"start":{"line":43,"column":26},"end":{"line":43,"column":79}},"24":{"start":{"line":43,"column":61},"end":{"line":43,"column":78}},"25":{"start":{"line":44,"column":12},"end":{"line":49,"column":13}},"26":{"start":{"line":45,"column":18},"end":{"line":45,"column":30}},"27":{"start":{"line":47,"column":18},"end":{"line":47,"column":47}},"28":{"start":{"line":48,"column":18},"end":{"line":48,"column":29}}},"fnMap":{"0":{"name":"(anonymous_0)","decl":{"start":{"line":3,"column":6},"end":{"line":3,"column":7}},"loc":{"start":{"line":3,"column":19},"end":{"line":5,"column":7}},"line":3},"1":{"name":"(anonymous_1)","decl":{"start":{"line":7,"column":6},"end":{"line":7,"column":7}},"loc":{"start":{"line":7,"column":34},"end":{"line":17,"column":7}},"line":7},"2":{"name":"(anonymous_2)","decl":{"start":{"line":19,"column":6},"end":{"line":19,"column":7}},"loc":{"start":{"line":19,"column":28},"end":{"line":21,"column":7}},"line":19},"3":{"name":"(anonymous_3)","decl":{"start":{"line":23,"column":6},"end":{"line":23,"column":7}},"loc":{"start":{"line":23,"column":30},"end":{"line":26,"column":7}},"line":23},"4":{"name":"(anonymous_4)","decl":{"start":{"line":24,"column":47},"end":{"line":24,"column":48}},"loc":{"start":{"line":24,"column":58},"end":{"line":24,"column":75}},"line":24},"5":{"name":"(anonymous_5)","decl":{"start":{"line":28,"column":6},"end":{"line":28,"column":7}},"loc":{"start":{"line":28,"column":39},"end":{"line":40,"column":7}},"line":28},"6":{"name":"(anonymous_6)","decl":{"start":{"line":30,"column":47},"end":{"line":30,"column":48}},"loc":{"start":{"line":30,"column":58},"end":{"line":30,"column":75}},"line":30},"7":{"name":"(anonymous_7)","decl":{"start":{"line":42,"column":6},"end":{"line":42,"column":7}},"loc":{"start":{"line":42,"column":33},"end":{"line":50,"column":7}},"line":42},"8":{"name":"(anonymous_8)","decl":{"start":{"line":43,"column":50},"end":{"line":43,"column":51}},"loc":{"start":{"line":43,"column":61},"end":{"line":43,"column":78}},"line":43}},"branchMap":{"0":{"loc":{"start":{"line":32,"column":12},"end":{"line":32,"column":32}},"type":"if","locations":[{"start":{"line":32,"column":12},"end":{"line":32,"column":32}},{"start":{},"end":{}}],"line":32},"1":{"loc":{"start":{"line":34,"column":12},"end":{"line":34,"column":57}},"type":"if","locations":[{"start":{"line":34,"column":12},"end":{"line":34,"column":57}},{"start":{},"end":{}}],"line":34},"2":{"loc":{"start":{"line":35,"column":12},"end":{"line":35,"column":78}},"type":"if","locations":[{"start":{"line":35,"column":12},"end":{"line":35,"column":78}},{"start":{},"end":{}}],"line":35},"3":{"loc":{"start":{"line":44,"column":12},"end":{"line":49,"column":13}},"type":"if","locations":[{"start":{"line":44,"column":12},"end":{"line":49,"column":13}},{"start":{"line":46,"column":17},"end":{"line":49,"column":13}}],"line":44}},"s":{"0":1,"1":1,"2":1,"3":1,"4":1,"5":1,"6":1,"7":1,"8":1,"9":2,"10":2,"11":2,"12":4,"13":4,"14":4,"15":4,"16":1,"17":3,"18":2,"19":3,"20":2,"21":3,"22":3,"23":2,"24":2,"25":2,"26":1,"27":1,"28":1},"f":{"0":1,"1":1,"2":1,"3":2,"4":2,"5":4,"6":4,"7":2,"8":2},"b":{"0":[1,3],"1":[2,1],"2":[2,1],"3":[1,1]},"_coverageSchema":"1a1c01bbd47fc00a2c39e90264f33305004495a9","hash":"3a39ef8269cbc1ed70f8610f8a6d373cd9d76eb6"}
,"C:\\Users\\Bruno mendonça\\Desktop\\Projetos\\NodeJs\\TasksAndProjectsManager\\src\\model\\model_tasks.js": {"path":"C:\\Users\\Bruno mendonça\\Desktop\\Projetos\\NodeJs\\TasksAndProjectsManager\\src\\model\\model_tasks.js","statementMap":{},"fnMap":{},"branchMap":{},"s":{},"f":{},"b":{},"_coverageSchema":"1a1c01bbd47fc00a2c39e90264f33305004495a9","hash":"a95272ae82e2a5fa592f76fbb6b8336119cb50b4"}
,"C:\\Users\\Bruno mendonça\\Desktop\\Projetos\\NodeJs\\TasksAndProjectsManager\\src\\router\\router_projects.js": {"path":"C:\\Users\\Bruno mendonça\\Desktop\\Projetos\\NodeJs\\TasksAndProjectsManager\\src\\router\\router_projects.js","statementMap":{"0":{"start":{"line":5,"column":23},"end":{"line":5,"column":31}},"1":{"start":{"line":8,"column":0},"end":{"line":8,"column":101}},"2":{"start":{"line":11,"column":0},"end":{"line":11,"column":76}},"3":{"start":{"line":12,"column":0},"end":{"line":12,"column":100}},"4":{"start":{"line":15,"column":0},"end":{"line":15,"column":103}},"5":{"start":{"line":18,"column":0},"end":{"line":18,"column":106}}},"fnMap":{},"branchMap":{},"s":{"0":1,"1":1,"2":1,"3":1,"4":1,"5":1},"f":{},"b":{},"_coverageSchema":"1a1c01bbd47fc00a2c39e90264f33305004495a9","hash":"e38cc9ae628b99cd84bdf661575eb57483d91da9"}
,"C:\\Users\\Bruno mendonça\\Desktop\\Projetos\\NodeJs\\TasksAndProjectsManager\\src\\router\\router_tasks.js": {"path":"C:\\Users\\Bruno mendonça\\Desktop\\Projetos\\NodeJs\\TasksAndProjectsManager\\src\\router\\router_tasks.js","statementMap":{"0":{"start":{"line":6,"column":20},"end":{"line":6,"column":28}}},"fnMap":{},"branchMap":{},"s":{"0":1},"f":{},"b":{},"_coverageSchema":"1a1c01bbd47fc00a2c39e90264f33305004495a9","hash":"10c94bd8dff6aa54b2162a206915f3487cbb13b9"}
}
