{"C:\\Users\\Bruno mendonça\\Desktop\\Projetos\\NodeJs\\TasksAndProjectsManager\\src\\server.js": {"path":"C:\\Users\\Bruno mendonça\\Desktop\\Projetos\\NodeJs\\TasksAndProjectsManager\\src\\server.js","statementMap":{"0":{"start":{"line":6,"column":12},"end":{"line":6,"column":21}},"1":{"start":{"line":8,"column":0},"end":{"line":8,"column":23}},"2":{"start":{"line":10,"column":0},"end":{"line":10,"column":23}},"3":{"start":{"line":11,"column":0},"end":{"line":11,"column":20}}},"fnMap":{},"branchMap":{},"s":{"0":2,"1":2,"2":2,"3":2},"f":{},"b":{},"_coverageSchema":"1a1c01bbd47fc00a2c39e90264f33305004495a9","hash":"b342ade67358a817f20c1682f44191aa27f912a2"}
,"C:\\Users\\Bruno mendonça\\Desktop\\Projetos\\NodeJs\\TasksAndProjectsManager\\src\\controller\\controller_projects.js": {"path":"C:\\Users\\Bruno mendonça\\Desktop\\Projetos\\NodeJs\\TasksAndProjectsManager\\src\\controller\\controller_projects.js","statementMap":{"0":{"start":{"line":5,"column":31},"end":{"line":5,"column":77}},"1":{"start":{"line":6,"column":12},"end":{"line":6,"column":51}},"2":{"start":{"line":10,"column":29},"end":{"line":10,"column":65}},"3":{"start":{"line":11,"column":12},"end":{"line":11,"column":49}},"4":{"start":{"line":15,"column":28},"end":{"line":15,"column":77}},"5":{"start":{"line":16,"column":12},"end":{"line":20,"column":13}},"6":{"start":{"line":17,"column":18},"end":{"line":17,"column":83}},"7":{"start":{"line":19,"column":18},"end":{"line":19,"column":54}},"8":{"start":{"line":24,"column":28},"end":{"line":24,"column":90}},"9":{"start":{"line":26,"column":12},"end":{"line":26,"column":92}},"10":{"start":{"line":26,"column":25},"end":{"line":26,"column":91}},"11":{"start":{"line":28,"column":12},"end":{"line":28,"column":48}},"12":{"start":{"line":32,"column":27},"end":{"line":32,"column":79}},"13":{"start":{"line":33,"column":12},"end":{"line":33,"column":90}},"14":{"start":{"line":33,"column":24},"end":{"line":33,"column":89}},"15":{"start":{"line":35,"column":12},"end":{"line":35,"column":45}}},"fnMap":{"0":{"name":"(anonymous_0)","decl":{"start":{"line":4,"column":6},"end":{"line":4,"column":7}},"loc":{"start":{"line":4,"column":38},"end":{"line":7,"column":7}},"line":4},"1":{"name":"(anonymous_1)","decl":{"start":{"line":9,"column":6},"end":{"line":9,"column":7}},"loc":{"start":{"line":9,"column":36},"end":{"line":12,"column":7}},"line":9},"2":{"name":"(anonymous_2)","decl":{"start":{"line":14,"column":6},"end":{"line":14,"column":7}},"loc":{"start":{"line":14,"column":36},"end":{"line":21,"column":7}},"line":14},"3":{"name":"(anonymous_3)","decl":{"start":{"line":23,"column":6},"end":{"line":23,"column":7}},"loc":{"start":{"line":23,"column":38},"end":{"line":29,"column":7}},"line":23},"4":{"name":"(anonymous_4)","decl":{"start":{"line":31,"column":6},"end":{"line":31,"column":7}},"loc":{"start":{"line":31,"column":39},"end":{"line":36,"column":7}},"line":31}},"branchMap":{"0":{"loc":{"start":{"line":16,"column":12},"end":{"line":20,"column":13}},"type":"if","locations":[{"start":{"line":16,"column":12},"end":{"line":20,"column":13}},{"start":{"line":18,"column":17},"end":{"line":20,"column":13}}],"line":16},"1":{"loc":{"start":{"line":26,"column":12},"end":{"line":26,"column":92}},"type":"if","locations":[{"start":{"line":26,"column":12},"end":{"line":26,"column":92}},{"start":{},"end":{}}],"line":26},"2":{"loc":{"start":{"line":33,"column":12},"end":{"line":33,"column":90}},"type":"if","locations":[{"start":{"line":33,"column":12},"end":{"line":33,"column":90}},{"start":{},"end":{}}],"line":33}},"s":{"0":1,"1":1,"2":1,"3":1,"4":2,"5":2,"6":1,"7":1,"8":4,"9":4,"10":1,"11":3,"12":2,"13":2,"14":1,"15":1},"f":{"0":1,"1":1,"2":2,"3":4,"4":2},"b":{"0":[1,1],"1":[1,3],"2":[1,1]},"_coverageSchema":"1a1c01bbd47fc00a2c39e90264f33305004495a9","hash":"afd5dd8acd5902ad427378517284d6c544e21ba9"}
,"C:\\Users\\Bruno mendonça\\Desktop\\Projetos\\NodeJs\\TasksAndProjectsManager\\src\\controller\\controller_tasks.js": {"path":"C:\\Users\\Bruno mendonça\\Desktop\\Projetos\\NodeJs\\TasksAndProjectsManager\\src\\controller\\controller_tasks.js","statementMap":{"0":{"start":{"line":4,"column":28},"end":{"line":4,"column":90}},"1":{"start":{"line":5,"column":12},"end":{"line":5,"column":48}},"2":{"start":{"line":9,"column":26},"end":{"line":9,"column":87}},"3":{"start":{"line":10,"column":12},"end":{"line":12,"column":13}},"4":{"start":{"line":11,"column":18},"end":{"line":11,"column":89}},"5":{"start":{"line":14,"column":12},"end":{"line":14,"column":46}},"6":{"start":{"line":18,"column":25},"end":{"line":18,"column":85}},"7":{"start":{"line":19,"column":12},"end":{"line":21,"column":13}},"8":{"start":{"line":20,"column":18},"end":{"line":20,"column":80}},"9":{"start":{"line":23,"column":12},"end":{"line":23,"column":45}},"10":{"start":{"line":27,"column":28},"end":{"line":27,"column":82}},"11":{"start":{"line":28,"column":12},"end":{"line":30,"column":13}},"12":{"start":{"line":29,"column":18},"end":{"line":29,"column":80}},"13":{"start":{"line":32,"column":12},"end":{"line":32,"column":45}},"14":{"start":{"line":36,"column":26},"end":{"line":36,"column":56}},"15":{"start":{"line":37,"column":12},"end":{"line":37,"column":46}}},"fnMap":{"0":{"name":"(anonymous_0)","decl":{"start":{"line":3,"column":6},"end":{"line":3,"column":7}},"loc":{"start":{"line":3,"column":35},"end":{"line":6,"column":7}},"line":3},"1":{"name":"(anonymous_1)","decl":{"start":{"line":8,"column":6},"end":{"line":8,"column":7}},"loc":{"start":{"line":8,"column":44},"end":{"line":15,"column":7}},"line":8},"2":{"name":"(anonymous_2)","decl":{"start":{"line":17,"column":6},"end":{"line":17,"column":7}},"loc":{"start":{"line":17,"column":36},"end":{"line":24,"column":7}},"line":17},"3":{"name":"(anonymous_3)","decl":{"start":{"line":26,"column":6},"end":{"line":26,"column":7}},"loc":{"start":{"line":26,"column":36},"end":{"line":33,"column":7}},"line":26},"4":{"name":"(anonymous_4)","decl":{"start":{"line":35,"column":6},"end":{"line":35,"column":7}},"loc":{"start":{"line":35,"column":33},"end":{"line":39,"column":7}},"line":35}},"branchMap":{"0":{"loc":{"start":{"line":10,"column":12},"end":{"line":12,"column":13}},"type":"if","locations":[{"start":{"line":10,"column":12},"end":{"line":12,"column":13}},{"start":{},"end":{}}],"line":10},"1":{"loc":{"start":{"line":19,"column":12},"end":{"line":21,"column":13}},"type":"if","locations":[{"start":{"line":19,"column":12},"end":{"line":21,"column":13}},{"start":{},"end":{}}],"line":19},"2":{"loc":{"start":{"line":28,"column":12},"end":{"line":30,"column":13}},"type":"if","locations":[{"start":{"line":28,"column":12},"end":{"line":30,"column":13}},{"start":{},"end":{}}],"line":28}},"s":{"0":1,"1":1,"2":2,"3":2,"4":1,"5":1,"6":4,"7":4,"8":1,"9":3,"10":2,"11":2,"12":1,"13":1,"14":1,"15":1},"f":{"0":1,"1":2,"2":4,"3":2,"4":1},"b":{"0":[1,1],"1":[1,3],"2":[1,1]},"_coverageSchema":"1a1c01bbd47fc00a2c39e90264f33305004495a9","hash":"389d91b0a423c267bac6546ae8c90dbc85b7954a"}
,"C:\\Users\\Bruno mendonça\\Desktop\\Projetos\\NodeJs\\TasksAndProjectsManager\\src\\middlewares\\middlewares_projects.js": {"path":"C:\\Users\\Bruno mendonça\\Desktop\\Projetos\\NodeJs\\TasksAndProjectsManager\\src\\middlewares\\middlewares_projects.js","statementMap":{"0":{"start":{"line":2,"column":34},"end":{"line":2,"column":42}},"1":{"start":{"line":4,"column":6},"end":{"line":6,"column":7}},"2":{"start":{"line":5,"column":12},"end":{"line":5,"column":86}},"3":{"start":{"line":8,"column":6},"end":{"line":10,"column":7}},"4":{"start":{"line":9,"column":12},"end":{"line":9,"column":93}},"5":{"start":{"line":12,"column":6},"end":{"line":12,"column":12}},"6":{"start":{"line":17,"column":17},"end":{"line":17,"column":30}},"7":{"start":{"line":18,"column":6},"end":{"line":20,"column":7}},"8":{"start":{"line":19,"column":12},"end":{"line":19,"column":84}},"9":{"start":{"line":21,"column":6},"end":{"line":21,"column":12}},"10":{"start":{"line":25,"column":25},"end":{"line":25,"column":97}},"11":{"start":{"line":26,"column":6},"end":{"line":26,"column":29}},"12":{"start":{"line":27,"column":6},"end":{"line":27,"column":12}}},"fnMap":{"0":{"name":"validateProjectBody","decl":{"start":{"line":1,"column":16},"end":{"line":1,"column":35}},"loc":{"start":{"line":1,"column":51},"end":{"line":13,"column":1}},"line":1},"1":{"name":"validateProjectID","decl":{"start":{"line":16,"column":16},"end":{"line":16,"column":33}},"loc":{"start":{"line":16,"column":49},"end":{"line":22,"column":1}},"line":16},"2":{"name":"logRouter","decl":{"start":{"line":24,"column":16},"end":{"line":24,"column":25}},"loc":{"start":{"line":24,"column":39},"end":{"line":28,"column":1}},"line":24}},"branchMap":{"0":{"loc":{"start":{"line":4,"column":6},"end":{"line":6,"column":7}},"type":"if","locations":[{"start":{"line":4,"column":6},"end":{"line":6,"column":7}},{"start":{},"end":{}}],"line":4},"1":{"loc":{"start":{"line":4,"column":9},"end":{"line":4,"column":35}},"type":"binary-expr","locations":[{"start":{"line":4,"column":9},"end":{"line":4,"column":14}},{"start":{"line":4,"column":18},"end":{"line":4,"column":35}}],"line":4},"2":{"loc":{"start":{"line":8,"column":6},"end":{"line":10,"column":7}},"type":"if","locations":[{"start":{"line":8,"column":6},"end":{"line":10,"column":7}},{"start":{},"end":{}}],"line":8},"3":{"loc":{"start":{"line":8,"column":9},"end":{"line":8,"column":49}},"type":"binary-expr","locations":[{"start":{"line":8,"column":9},"end":{"line":8,"column":21}},{"start":{"line":8,"column":25},"end":{"line":8,"column":49}}],"line":8},"4":{"loc":{"start":{"line":18,"column":6},"end":{"line":20,"column":7}},"type":"if","locations":[{"start":{"line":18,"column":6},"end":{"line":20,"column":7}},{"start":{},"end":{}}],"line":18},"5":{"loc":{"start":{"line":18,"column":9},"end":{"line":18,"column":72}},"type":"binary-expr","locations":[{"start":{"line":18,"column":9},"end":{"line":18,"column":12}},{"start":{"line":18,"column":16},"end":{"line":18,"column":30}},{"start":{"line":18,"column":34},"end":{"line":18,"column":50}},{"start":{"line":18,"column":54},"end":{"line":18,"column":72}}],"line":18}},"s":{"0":3,"1":3,"2":1,"3":2,"4":1,"5":1,"6":9,"7":9,"8":1,"9":8,"10":25,"11":25,"12":25},"f":{"0":3,"1":9,"2":25},"b":{"0":[1,2],"1":[3,2],"2":[1,1],"3":[2,1],"4":[1,8],"5":[9,9,9,9]},"_coverageSchema":"1a1c01bbd47fc00a2c39e90264f33305004495a9","hash":"17cc5bcb692361db4d5dbaefb03341a4e52a1331"}
,"C:\\Users\\Bruno mendonça\\Desktop\\Projetos\\NodeJs\\TasksAndProjectsManager\\src\\middlewares\\middlewares_tasks.js": {"path":"C:\\Users\\Bruno mendonça\\Desktop\\Projetos\\NodeJs\\TasksAndProjectsManager\\src\\middlewares\\middlewares_tasks.js","statementMap":{"0":{"start":{"line":2,"column":28},"end":{"line":2,"column":36}},"1":{"start":{"line":4,"column":6},"end":{"line":8,"column":7}},"2":{"start":{"line":5,"column":12},"end":{"line":7,"column":14}},"3":{"start":{"line":10,"column":6},"end":{"line":10,"column":12}}},"fnMap":{"0":{"name":"validateTaskBody","decl":{"start":{"line":1,"column":16},"end":{"line":1,"column":32}},"loc":{"start":{"line":1,"column":48},"end":{"line":11,"column":1}},"line":1}},"branchMap":{"0":{"loc":{"start":{"line":4,"column":6},"end":{"line":8,"column":7}},"type":"if","locations":[{"start":{"line":4,"column":6},"end":{"line":8,"column":7}},{"start":{},"end":{}}],"line":4},"1":{"loc":{"start":{"line":4,"column":9},"end":{"line":4,"column":54}},"type":"binary-expr","locations":[{"start":{"line":4,"column":9},"end":{"line":4,"column":15}},{"start":{"line":4,"column":19},"end":{"line":4,"column":31}},{"start":{"line":4,"column":35},"end":{"line":4,"column":54}}],"line":4}},"s":{"0":3,"1":3,"2":2,"3":1},"f":{"0":3},"b":{"0":[2,1],"1":[3,1,1]},"_coverageSchema":"1a1c01bbd47fc00a2c39e90264f33305004495a9","hash":"8a81eecfd57124e9d9f22e67cab4ccd1b0476118"}
,"C:\\Users\\Bruno mendonça\\Desktop\\Projetos\\NodeJs\\TasksAndProjectsManager\\src\\model\\model_projects.js": {"path":"C:\\Users\\Bruno mendonça\\Desktop\\Projetos\\NodeJs\\TasksAndProjectsManager\\src\\model\\model_projects.js","statementMap":{"0":{"start":{"line":4,"column":12},"end":{"line":4,"column":30}},"1":{"start":{"line":8,"column":40},"end":{"line":8,"column":44}},"2":{"start":{"line":9,"column":23},"end":{"line":9,"column":30}},"3":{"start":{"line":10,"column":30},"end":{"line":10,"column":40}},"4":{"start":{"line":11,"column":30},"end":{"line":11,"column":32}},"5":{"start":{"line":13,"column":31},"end":{"line":13,"column":72}},"6":{"start":{"line":14,"column":12},"end":{"line":14,"column":42}},"7":{"start":{"line":16,"column":12},"end":{"line":16,"column":29}},"8":{"start":{"line":20,"column":12},"end":{"line":20,"column":32}},"9":{"start":{"line":24,"column":28},"end":{"line":24,"column":76}},"10":{"start":{"line":24,"column":58},"end":{"line":24,"column":75}},"11":{"start":{"line":25,"column":12},"end":{"line":25,"column":26}},"12":{"start":{"line":29,"column":40},"end":{"line":29,"column":44}},"13":{"start":{"line":30,"column":28},"end":{"line":30,"column":76}},"14":{"start":{"line":30,"column":58},"end":{"line":30,"column":75}},"15":{"start":{"line":32,"column":12},"end":{"line":32,"column":32}},"16":{"start":{"line":32,"column":25},"end":{"line":32,"column":31}},"17":{"start":{"line":34,"column":12},"end":{"line":34,"column":57}},"18":{"start":{"line":34,"column":34},"end":{"line":34,"column":56}},"19":{"start":{"line":35,"column":12},"end":{"line":35,"column":78}},"20":{"start":{"line":35,"column":41},"end":{"line":35,"column":77}},"21":{"start":{"line":37,"column":12},"end":{"line":37,"column":45}},"22":{"start":{"line":39,"column":12},"end":{"line":39,"column":26}},"23":{"start":{"line":43,"column":26},"end":{"line":43,"column":79}},"24":{"start":{"line":43,"column":61},"end":{"line":43,"column":78}},"25":{"start":{"line":44,"column":12},"end":{"line":51,"column":13}},"26":{"start":{"line":45,"column":18},"end":{"line":45,"column":30}},"27":{"start":{"line":47,"column":18},"end":{"line":49,"column":19}},"28":{"start":{"line":48,"column":35},"end":{"line":48,"column":51}},"29":{"start":{"line":50,"column":18},"end":{"line":50,"column":29}}},"fnMap":{"0":{"name":"(anonymous_0)","decl":{"start":{"line":3,"column":6},"end":{"line":3,"column":7}},"loc":{"start":{"line":3,"column":19},"end":{"line":5,"column":7}},"line":3},"1":{"name":"(anonymous_1)","decl":{"start":{"line":7,"column":6},"end":{"line":7,"column":7}},"loc":{"start":{"line":7,"column":34},"end":{"line":17,"column":7}},"line":7},"2":{"name":"(anonymous_2)","decl":{"start":{"line":19,"column":6},"end":{"line":19,"column":7}},"loc":{"start":{"line":19,"column":28},"end":{"line":21,"column":7}},"line":19},"3":{"name":"(anonymous_3)","decl":{"start":{"line":23,"column":6},"end":{"line":23,"column":7}},"loc":{"start":{"line":23,"column":30},"end":{"line":26,"column":7}},"line":23},"4":{"name":"(anonymous_4)","decl":{"start":{"line":24,"column":47},"end":{"line":24,"column":48}},"loc":{"start":{"line":24,"column":58},"end":{"line":24,"column":75}},"line":24},"5":{"name":"(anonymous_5)","decl":{"start":{"line":28,"column":6},"end":{"line":28,"column":7}},"loc":{"start":{"line":28,"column":39},"end":{"line":40,"column":7}},"line":28},"6":{"name":"(anonymous_6)","decl":{"start":{"line":30,"column":47},"end":{"line":30,"column":48}},"loc":{"start":{"line":30,"column":58},"end":{"line":30,"column":75}},"line":30},"7":{"name":"(anonymous_7)","decl":{"start":{"line":42,"column":6},"end":{"line":42,"column":7}},"loc":{"start":{"line":42,"column":33},"end":{"line":52,"column":7}},"line":42},"8":{"name":"(anonymous_8)","decl":{"start":{"line":43,"column":50},"end":{"line":43,"column":51}},"loc":{"start":{"line":43,"column":61},"end":{"line":43,"column":78}},"line":43},"9":{"name":"(anonymous_9)","decl":{"start":{"line":48,"column":24},"end":{"line":48,"column":25}},"loc":{"start":{"line":48,"column":35},"end":{"line":48,"column":51}},"line":48}},"branchMap":{"0":{"loc":{"start":{"line":32,"column":12},"end":{"line":32,"column":32}},"type":"if","locations":[{"start":{"line":32,"column":12},"end":{"line":32,"column":32}},{"start":{},"end":{}}],"line":32},"1":{"loc":{"start":{"line":34,"column":12},"end":{"line":34,"column":57}},"type":"if","locations":[{"start":{"line":34,"column":12},"end":{"line":34,"column":57}},{"start":{},"end":{}}],"line":34},"2":{"loc":{"start":{"line":35,"column":12},"end":{"line":35,"column":78}},"type":"if","locations":[{"start":{"line":35,"column":12},"end":{"line":35,"column":78}},{"start":{},"end":{}}],"line":35},"3":{"loc":{"start":{"line":44,"column":12},"end":{"line":51,"column":13}},"type":"if","locations":[{"start":{"line":44,"column":12},"end":{"line":51,"column":13}},{"start":{"line":46,"column":17},"end":{"line":51,"column":13}}],"line":44}},"s":{"0":2,"1":1,"2":1,"3":1,"4":1,"5":1,"6":1,"7":1,"8":1,"9":2,"10":2,"11":2,"12":4,"13":4,"14":4,"15":4,"16":1,"17":3,"18":2,"19":3,"20":2,"21":3,"22":3,"23":2,"24":1,"25":2,"26":1,"27":1,"28":1,"29":1},"f":{"0":2,"1":1,"2":1,"3":2,"4":2,"5":4,"6":4,"7":2,"8":1,"9":1},"b":{"0":[1,3],"1":[2,1],"2":[2,1],"3":[1,1]},"_coverageSchema":"1a1c01bbd47fc00a2c39e90264f33305004495a9","hash":"1028f2df1f875b340c07d372e4bb346db1045087"}
,"C:\\Users\\Bruno mendonça\\Desktop\\Projetos\\NodeJs\\TasksAndProjectsManager\\src\\model\\model_tasks.js": {"path":"C:\\Users\\Bruno mendonça\\Desktop\\Projetos\\NodeJs\\TasksAndProjectsManager\\src\\model\\model_tasks.js","statementMap":{"0":{"start":{"line":4,"column":12},"end":{"line":11,"column":14}},"1":{"start":{"line":15,"column":28},"end":{"line":15,"column":32}},"2":{"start":{"line":16,"column":25},"end":{"line":16,"column":30}},"3":{"start":{"line":17,"column":27},"end":{"line":17,"column":34}},"4":{"start":{"line":18,"column":30},"end":{"line":18,"column":40}},"5":{"start":{"line":19,"column":30},"end":{"line":19,"column":32}},"6":{"start":{"line":20,"column":28},"end":{"line":20,"column":77}},"7":{"start":{"line":22,"column":12},"end":{"line":22,"column":36}},"8":{"start":{"line":24,"column":12},"end":{"line":24,"column":26}},"9":{"start":{"line":28,"column":26},"end":{"line":30,"column":13}},"10":{"start":{"line":29,"column":26},"end":{"line":29,"column":54}},"11":{"start":{"line":32,"column":12},"end":{"line":32,"column":24}},"12":{"start":{"line":36,"column":34},"end":{"line":36,"column":38}},"13":{"start":{"line":38,"column":25},"end":{"line":38,"column":77}},"14":{"start":{"line":38,"column":55},"end":{"line":38,"column":76}},"15":{"start":{"line":39,"column":12},"end":{"line":43,"column":13}},"16":{"start":{"line":40,"column":18},"end":{"line":40,"column":63}},"17":{"start":{"line":40,"column":41},"end":{"line":40,"column":62}},"18":{"start":{"line":41,"column":18},"end":{"line":41,"column":60}},"19":{"start":{"line":41,"column":40},"end":{"line":41,"column":59}},"20":{"start":{"line":42,"column":18},"end":{"line":42,"column":48}},"21":{"start":{"line":45,"column":12},"end":{"line":45,"column":23}},"22":{"start":{"line":50,"column":26},"end":{"line":50,"column":78}},"23":{"start":{"line":50,"column":55},"end":{"line":50,"column":77}},"24":{"start":{"line":51,"column":12},"end":{"line":58,"column":13}},"25":{"start":{"line":52,"column":18},"end":{"line":52,"column":30}},"26":{"start":{"line":54,"column":18},"end":{"line":56,"column":19}},"27":{"start":{"line":55,"column":32},"end":{"line":55,"column":53}},"28":{"start":{"line":57,"column":18},"end":{"line":57,"column":29}},"29":{"start":{"line":63,"column":12},"end":{"line":63,"column":29}}},"fnMap":{"0":{"name":"(anonymous_0)","decl":{"start":{"line":3,"column":6},"end":{"line":3,"column":7}},"loc":{"start":{"line":3,"column":19},"end":{"line":12,"column":7}},"line":3},"1":{"name":"(anonymous_1)","decl":{"start":{"line":14,"column":6},"end":{"line":14,"column":7}},"loc":{"start":{"line":14,"column":42},"end":{"line":25,"column":7}},"line":14},"2":{"name":"(anonymous_2)","decl":{"start":{"line":27,"column":6},"end":{"line":27,"column":7}},"loc":{"start":{"line":27,"column":45},"end":{"line":33,"column":7}},"line":27},"3":{"name":"(anonymous_3)","decl":{"start":{"line":29,"column":18},"end":{"line":29,"column":19}},"loc":{"start":{"line":29,"column":26},"end":{"line":29,"column":54}},"line":29},"4":{"name":"(anonymous_4)","decl":{"start":{"line":35,"column":6},"end":{"line":35,"column":7}},"loc":{"start":{"line":35,"column":40},"end":{"line":46,"column":7}},"line":35},"5":{"name":"(anonymous_5)","decl":{"start":{"line":38,"column":47},"end":{"line":38,"column":48}},"loc":{"start":{"line":38,"column":55},"end":{"line":38,"column":76}},"line":38},"6":{"name":"(anonymous_6)","decl":{"start":{"line":48,"column":6},"end":{"line":48,"column":7}},"loc":{"start":{"line":48,"column":38},"end":{"line":59,"column":7}},"line":48},"7":{"name":"(anonymous_7)","decl":{"start":{"line":50,"column":47},"end":{"line":50,"column":48}},"loc":{"start":{"line":50,"column":55},"end":{"line":50,"column":77}},"line":50},"8":{"name":"(anonymous_8)","decl":{"start":{"line":55,"column":24},"end":{"line":55,"column":25}},"loc":{"start":{"line":55,"column":32},"end":{"line":55,"column":53}},"line":55},"9":{"name":"(anonymous_9)","decl":{"start":{"line":62,"column":6},"end":{"line":62,"column":7}},"loc":{"start":{"line":62,"column":25},"end":{"line":64,"column":7}},"line":62}},"branchMap":{"0":{"loc":{"start":{"line":39,"column":12},"end":{"line":43,"column":13}},"type":"if","locations":[{"start":{"line":39,"column":12},"end":{"line":43,"column":13}},{"start":{},"end":{}}],"line":39},"1":{"loc":{"start":{"line":40,"column":18},"end":{"line":40,"column":63}},"type":"if","locations":[{"start":{"line":40,"column":18},"end":{"line":40,"column":63}},{"start":{},"end":{}}],"line":40},"2":{"loc":{"start":{"line":41,"column":18},"end":{"line":41,"column":60}},"type":"if","locations":[{"start":{"line":41,"column":18},"end":{"line":41,"column":60}},{"start":{},"end":{}}],"line":41},"3":{"loc":{"start":{"line":51,"column":12},"end":{"line":58,"column":13}},"type":"if","locations":[{"start":{"line":51,"column":12},"end":{"line":58,"column":13}},{"start":{"line":53,"column":17},"end":{"line":58,"column":13}}],"line":51}},"s":{"0":2,"1":1,"2":1,"3":1,"4":1,"5":1,"6":1,"7":1,"8":1,"9":2,"10":4,"11":2,"12":4,"13":4,"14":5,"15":4,"16":3,"17":2,"18":3,"19":2,"20":3,"21":4,"22":2,"23":3,"24":2,"25":1,"26":1,"27":2,"28":1,"29":1},"f":{"0":2,"1":1,"2":2,"3":4,"4":4,"5":5,"6":2,"7":3,"8":2,"9":1},"b":{"0":[3,1],"1":[2,1],"2":[2,1],"3":[1,1]},"_coverageSchema":"1a1c01bbd47fc00a2c39e90264f33305004495a9","hash":"254c49746148253915a9047cd1c0995976a397fc"}
,"C:\\Users\\Bruno mendonça\\Desktop\\Projetos\\NodeJs\\TasksAndProjectsManager\\src\\router\\router_projects.js": {"path":"C:\\Users\\Bruno mendonça\\Desktop\\Projetos\\NodeJs\\TasksAndProjectsManager\\src\\router\\router_projects.js","statementMap":{"0":{"start":{"line":5,"column":23},"end":{"line":5,"column":31}},"1":{"start":{"line":8,"column":0},"end":{"line":8,"column":101}},"2":{"start":{"line":11,"column":0},"end":{"line":11,"column":76}},"3":{"start":{"line":12,"column":0},"end":{"line":12,"column":100}},"4":{"start":{"line":15,"column":0},"end":{"line":15,"column":103}},"5":{"start":{"line":18,"column":0},"end":{"line":18,"column":106}}},"fnMap":{},"branchMap":{},"s":{"0":2,"1":2,"2":2,"3":2,"4":2,"5":2},"f":{},"b":{},"_coverageSchema":"1a1c01bbd47fc00a2c39e90264f33305004495a9","hash":"e38cc9ae628b99cd84bdf661575eb57483d91da9"}
,"C:\\Users\\Bruno mendonça\\Desktop\\Projetos\\NodeJs\\TasksAndProjectsManager\\src\\router\\router_tasks.js": {"path":"C:\\Users\\Bruno mendonça\\Desktop\\Projetos\\NodeJs\\TasksAndProjectsManager\\src\\router\\router_tasks.js","statementMap":{"0":{"start":{"line":6,"column":20},"end":{"line":6,"column":28}},"1":{"start":{"line":9,"column":0},"end":{"line":9,"column":106}},"2":{"start":{"line":12,"column":0},"end":{"line":12,"column":96}},"3":{"start":{"line":13,"column":0},"end":{"line":13,"column":65}},"4":{"start":{"line":16,"column":0},"end":{"line":16,"column":76}},"5":{"start":{"line":19,"column":0},"end":{"line":19,"column":79}}},"fnMap":{},"branchMap":{},"s":{"0":2,"1":2,"2":2,"3":2,"4":2,"5":2},"f":{},"b":{},"_coverageSchema":"1a1c01bbd47fc00a2c39e90264f33305004495a9","hash":"1ea9c04a1196786284d6898c154212b0c89cc24d"}
}
