TN:
SF:src\server.js
FNF:0
FNH:0
DA:5,1
DA:7,1
DA:9,1
LF:3
LH:3
BRF:0
BRH:0
end_of_record
TN:
SF:src\controller\controller_projects.js
FN:3,(anonymous_0)
FN:8,(anonymous_1)
FN:13,(anonymous_2)
FN:22,(anonymous_3)
FN:30,(anonymous_4)
FNF:5
FNH:5
FNDA:1,(anonymous_0)
FNDA:1,(anonymous_1)
FNDA:2,(anonymous_2)
FNDA:4,(anonymous_3)
FNDA:2,(anonymous_4)
DA:4,1
DA:5,1
DA:9,1
DA:10,1
DA:14,2
DA:15,2
DA:16,1
DA:18,1
DA:23,4
DA:25,4
DA:27,3
DA:31,2
DA:32,2
DA:34,1
LF:14
LH:14
BRDA:15,0,0,1
BRDA:15,0,1,1
BRDA:25,1,0,1
BRDA:25,1,1,3
BRDA:32,2,0,1
BRDA:32,2,1,1
BRF:6
BRH:6
end_of_record
TN:
SF:src\middlewares\middlewares_projects.js
FN:1,validateProjectBody
FN:16,validateProjectID
FN:25,logRouter
FNF:3
FNH:3
FNDA:3,validateProjectBody
FNDA:8,validateProjectID
FNDA:12,logRouter
DA:2,3
DA:4,3
DA:5,1
DA:8,2
DA:9,1
DA:12,1
DA:17,8
DA:19,8
DA:20,0
DA:22,8
DA:26,12
DA:27,12
DA:28,12
LF:13
LH:12
BRDA:4,0,0,1
BRDA:4,0,1,2
BRDA:4,1,0,3
BRDA:4,1,1,2
BRDA:8,2,0,1
BRDA:8,2,1,1
BRDA:8,3,0,2
BRDA:8,3,1,1
BRDA:19,4,0,0
BRDA:19,4,1,8
BRDA:19,5,0,8
BRDA:19,5,1,8
BRDA:19,5,2,8
BRF:13
BRH:12
end_of_record
TN:
SF:src\model\model_projects.js
FN:3,(anonymous_0)
FN:7,(anonymous_1)
FN:19,(anonymous_2)
FN:23,(anonymous_3)
FN:24,(anonymous_4)
FN:28,(anonymous_5)
FN:30,(anonymous_6)
FN:42,(anonymous_7)
FN:43,(anonymous_8)
FNF:9
FNH:9
FNDA:1,(anonymous_0)
FNDA:1,(anonymous_1)
FNDA:1,(anonymous_2)
FNDA:2,(anonymous_3)
FNDA:2,(anonymous_4)
FNDA:4,(anonymous_5)
FNDA:4,(anonymous_6)
FNDA:2,(anonymous_7)
FNDA:2,(anonymous_8)
DA:4,1
DA:8,1
DA:9,1
DA:10,1
DA:11,1
DA:13,1
DA:14,1
DA:16,1
DA:20,1
DA:24,2
DA:25,2
DA:29,4
DA:30,4
DA:32,4
DA:34,3
DA:35,3
DA:37,3
DA:39,3
DA:43,2
DA:44,2
DA:45,1
DA:47,1
DA:48,1
LF:23
LH:23
BRDA:32,0,0,1
BRDA:32,0,1,3
BRDA:34,1,0,2
BRDA:34,1,1,1
BRDA:35,2,0,2
BRDA:35,2,1,1
BRDA:44,3,0,1
BRDA:44,3,1,1
BRF:8
BRH:8
end_of_record
TN:
SF:src\router\router_projects.js
FNF:0
FNH:0
DA:5,1
DA:8,1
DA:11,1
DA:12,1
DA:15,1
DA:18,1
LF:6
LH:6
BRF:0
BRH:0
end_of_record
