TN:
SF:src\server.js
FNF:0
FNH:0
DA:6,2
DA:8,2
DA:10,2
DA:11,2
LF:4
LH:4
BRF:0
BRH:0
end_of_record
TN:
SF:src\controller\controller_projects.js
FN:4,(anonymous_0)
FN:9,(anonymous_1)
FN:14,(anonymous_2)
FN:23,(anonymous_3)
FN:31,(anonymous_4)
FNF:5
FNH:5
FNDA:1,(anonymous_0)
FNDA:1,(anonymous_1)
FNDA:2,(anonymous_2)
FNDA:4,(anonymous_3)
FNDA:2,(anonymous_4)
DA:5,1
DA:6,1
DA:10,1
DA:11,1
DA:15,2
DA:16,2
DA:17,1
DA:19,1
DA:24,4
DA:26,4
DA:28,3
DA:32,2
DA:33,2
DA:35,1
LF:14
LH:14
BRDA:16,0,0,1
BRDA:16,0,1,1
BRDA:26,1,0,1
BRDA:26,1,1,3
BRDA:33,2,0,1
BRDA:33,2,1,1
BRF:6
BRH:6
end_of_record
TN:
SF:src\controller\controller_tasks.js
FN:3,(anonymous_0)
FN:8,(anonymous_1)
FN:17,(anonymous_2)
FN:26,(anonymous_3)
FN:35,(anonymous_4)
FNF:5
FNH:5
FNDA:1,(anonymous_0)
FNDA:2,(anonymous_1)
FNDA:4,(anonymous_2)
FNDA:2,(anonymous_3)
FNDA:1,(anonymous_4)
DA:4,1
DA:5,1
DA:9,2
DA:10,2
DA:11,1
DA:14,1
DA:18,4
DA:19,4
DA:20,1
DA:23,3
DA:27,2
DA:28,2
DA:29,1
DA:32,1
DA:36,1
DA:37,1
LF:16
LH:16
BRDA:10,0,0,1
BRDA:10,0,1,1
BRDA:19,1,0,1
BRDA:19,1,1,3
BRDA:28,2,0,1
BRDA:28,2,1,1
BRF:6
BRH:6
end_of_record
TN:
SF:src\middlewares\middlewares_projects.js
FN:1,validateProjectBody
FN:16,validateProjectID
FN:24,logRouter
FNF:3
FNH:3
FNDA:3,validateProjectBody
FNDA:9,validateProjectID
FNDA:25,logRouter
DA:2,3
DA:4,3
DA:5,1
DA:8,2
DA:9,1
DA:12,1
DA:17,9
DA:18,9
DA:19,1
DA:21,8
DA:25,25
DA:26,25
DA:27,25
LF:13
LH:13
BRDA:4,0,0,1
BRDA:4,0,1,2
BRDA:4,1,0,3
BRDA:4,1,1,2
BRDA:8,2,0,1
BRDA:8,2,1,1
BRDA:8,3,0,2
BRDA:8,3,1,1
BRDA:18,4,0,1
BRDA:18,4,1,8
BRDA:18,5,0,9
BRDA:18,5,1,9
BRDA:18,5,2,9
BRDA:18,5,3,9
BRF:14
BRH:14
end_of_record
TN:
SF:src\middlewares\middlewares_tasks.js
FN:1,validateTaskBody
FNF:1
FNH:1
FNDA:3,validateTaskBody
DA:2,3
DA:4,3
DA:5,2
DA:10,1
LF:4
LH:4
BRDA:4,0,0,2
BRDA:4,0,1,1
BRDA:4,1,0,3
BRDA:4,1,1,1
BRDA:4,1,2,1
BRF:5
BRH:5
end_of_record
TN:
SF:src\model\model_projects.js
FN:3,(anonymous_0)
FN:7,(anonymous_1)
FN:19,(anonymous_2)
FN:23,(anonymous_3)
FN:24,(anonymous_4)
FN:28,(anonymous_5)
FN:30,(anonymous_6)
FN:42,(anonymous_7)
FN:43,(anonymous_8)
FN:48,(anonymous_9)
FNF:10
FNH:10
FNDA:2,(anonymous_0)
FNDA:1,(anonymous_1)
FNDA:1,(anonymous_2)
FNDA:2,(anonymous_3)
FNDA:2,(anonymous_4)
FNDA:4,(anonymous_5)
FNDA:4,(anonymous_6)
FNDA:2,(anonymous_7)
FNDA:1,(anonymous_8)
FNDA:1,(anonymous_9)
DA:4,2
DA:8,1
DA:9,1
DA:10,1
DA:11,1
DA:13,1
DA:14,1
DA:16,1
DA:20,1
DA:24,2
DA:25,2
DA:29,4
DA:30,4
DA:32,4
DA:34,3
DA:35,3
DA:37,3
DA:39,3
DA:43,2
DA:44,2
DA:45,1
DA:47,1
DA:48,1
DA:50,1
LF:24
LH:24
BRDA:32,0,0,1
BRDA:32,0,1,3
BRDA:34,1,0,2
BRDA:34,1,1,1
BRDA:35,2,0,2
BRDA:35,2,1,1
BRDA:44,3,0,1
BRDA:44,3,1,1
BRF:8
BRH:8
end_of_record
TN:
SF:src\model\model_tasks.js
FN:3,(anonymous_0)
FN:14,(anonymous_1)
FN:27,(anonymous_2)
FN:29,(anonymous_3)
FN:35,(anonymous_4)
FN:38,(anonymous_5)
FN:48,(anonymous_6)
FN:50,(anonymous_7)
FN:55,(anonymous_8)
FN:62,(anonymous_9)
FNF:10
FNH:10
FNDA:2,(anonymous_0)
FNDA:1,(anonymous_1)
FNDA:2,(anonymous_2)
FNDA:4,(anonymous_3)
FNDA:4,(anonymous_4)
FNDA:5,(anonymous_5)
FNDA:2,(anonymous_6)
FNDA:3,(anonymous_7)
FNDA:2,(anonymous_8)
FNDA:1,(anonymous_9)
DA:4,2
DA:15,1
DA:16,1
DA:17,1
DA:18,1
DA:19,1
DA:20,1
DA:22,1
DA:24,1
DA:28,2
DA:29,4
DA:32,2
DA:36,4
DA:38,5
DA:39,4
DA:40,3
DA:41,3
DA:42,3
DA:45,4
DA:50,3
DA:51,2
DA:52,1
DA:54,1
DA:55,2
DA:57,1
DA:63,1
LF:26
LH:26
BRDA:39,0,0,3
BRDA:39,0,1,1
BRDA:40,1,0,2
BRDA:40,1,1,1
BRDA:41,2,0,2
BRDA:41,2,1,1
BRDA:51,3,0,1
BRDA:51,3,1,1
BRF:8
BRH:8
end_of_record
TN:
SF:src\router\router_projects.js
FNF:0
FNH:0
DA:5,2
DA:8,2
DA:11,2
DA:12,2
DA:15,2
DA:18,2
LF:6
LH:6
BRF:0
BRH:0
end_of_record
TN:
SF:src\router\router_tasks.js
FNF:0
FNH:0
DA:6,2
DA:9,2
DA:12,2
DA:13,2
DA:16,2
DA:19,2
LF:6
LH:6
BRF:0
BRH:0
end_of_record
